<?xml version="1.0" encoding="UTF-8"?>
<coverage generated="1736247658291" clover="3.2.0">
  <project timestamp="1736247658291" name="All files">
    <metrics statements="117" coveredstatements="117" conditionals="23" coveredconditionals="22" methods="7" coveredmethods="7" elements="147" coveredelements="146" complexity="0" loc="117" ncloc="117" packages="2" files="2" classes="2"/>
    <package name="app">
      <metrics statements="83" coveredstatements="83" conditionals="21" coveredconditionals="20" methods="7" coveredmethods="7"/>
      <file name="gilded-rose.ts" path="/Users/zzuo/Git/coding-dojo-ts/5/GildedRose-Refactoring-Kata/TypeScript/app/gilded-rose.ts">
        <metrics statements="83" coveredstatements="83" conditionals="21" coveredconditionals="20" methods="7" coveredmethods="7"/>
        <line num="1" count="1" type="stmt"/>
        <line num="2" count="1" type="stmt"/>
        <line num="3" count="1" type="stmt"/>
        <line num="4" count="1" type="stmt"/>
        <line num="5" count="1" type="stmt"/>
        <line num="6" count="1" type="stmt"/>
        <line num="7" count="1" type="stmt"/>
        <line num="8" count="1" type="cond" truecount="1" falsecount="0"/>
        <line num="9" count="1" type="stmt"/>
        <line num="10" count="1" type="stmt"/>
        <line num="11" count="1" type="stmt"/>
        <line num="12" count="1" type="stmt"/>
        <line num="13" count="1" type="cond" truecount="1" falsecount="0"/>
        <line num="14" count="10" type="stmt"/>
        <line num="15" count="10" type="stmt"/>
        <line num="16" count="10" type="stmt"/>
        <line num="17" count="10" type="stmt"/>
        <line num="18" count="1" type="stmt"/>
        <line num="19" count="1" type="stmt"/>
        <line num="20" count="1" type="cond" truecount="1" falsecount="0"/>
        <line num="21" count="218" type="stmt"/>
        <line num="22" count="218" type="stmt"/>
        <line num="23" count="218" type="stmt"/>
        <line num="24" count="1" type="stmt"/>
        <line num="25" count="1" type="cond" truecount="1" falsecount="0"/>
        <line num="26" count="31" type="stmt"/>
        <line num="27" count="31" type="stmt"/>
        <line num="28" count="31" type="cond" truecount="1" falsecount="0"/>
        <line num="29" count="29" type="stmt"/>
        <line num="30" count="29" type="stmt"/>
        <line num="31" count="31" type="stmt"/>
        <line num="32" count="31" type="stmt"/>
        <line num="33" count="1" type="stmt"/>
        <line num="34" count="1" type="cond" truecount="1" falsecount="0"/>
        <line num="35" count="93" type="stmt"/>
        <line num="36" count="93" type="stmt"/>
        <line num="37" count="93" type="stmt"/>
        <line num="38" count="93" type="cond" truecount="1" falsecount="0"/>
        <line num="39" count="78" type="stmt"/>
        <line num="40" count="93" type="cond" truecount="2" falsecount="0"/>
        <line num="41" count="10" type="stmt"/>
        <line num="42" count="10" type="stmt"/>
        <line num="43" count="93" type="stmt"/>
        <line num="44" count="93" type="cond" truecount="1" falsecount="0"/>
        <line num="45" count="63" type="stmt"/>
        <line num="46" count="63" type="stmt"/>
        <line num="47" count="93" type="stmt"/>
        <line num="48" count="93" type="stmt"/>
        <line num="49" count="1" type="stmt"/>
        <line num="50" count="1" type="cond" truecount="1" falsecount="0"/>
        <line num="51" count="94" type="stmt"/>
        <line num="52" count="94" type="stmt"/>
        <line num="53" count="94" type="cond" truecount="1" falsecount="0"/>
        <line num="54" count="76" type="stmt"/>
        <line num="55" count="76" type="stmt"/>
        <line num="56" count="94" type="stmt"/>
        <line num="57" count="94" type="stmt"/>
        <line num="58" count="1" type="stmt"/>
        <line num="59" count="1" type="cond" truecount="1" falsecount="0"/>
        <line num="60" count="1" type="stmt"/>
        <line num="61" count="1" type="stmt"/>
        <line num="62" count="1" type="cond" truecount="1" falsecount="1"/>
        <line num="63" count="2" type="stmt"/>
        <line num="64" count="2" type="stmt"/>
        <line num="65" count="1" type="stmt"/>
        <line num="66" count="1" type="cond" truecount="1" falsecount="0"/>
        <line num="67" count="32" type="cond" truecount="1" falsecount="0"/>
        <line num="68" count="280" type="stmt"/>
        <line num="69" count="280" type="cond" truecount="1" falsecount="0"/>
        <line num="70" count="62" type="stmt"/>
        <line num="71" count="280" type="cond" truecount="1" falsecount="0"/>
        <line num="72" count="31" type="stmt"/>
        <line num="73" count="31" type="stmt"/>
        <line num="74" count="280" type="cond" truecount="1" falsecount="0"/>
        <line num="75" count="93" type="stmt"/>
        <line num="76" count="93" type="stmt"/>
        <line num="77" count="280" type="cond" truecount="1" falsecount="0"/>
        <line num="78" count="94" type="stmt"/>
        <line num="79" count="94" type="stmt"/>
        <line num="80" count="280" type="stmt"/>
        <line num="81" count="32" type="stmt"/>
        <line num="82" count="32" type="stmt"/>
        <line num="83" count="1" type="stmt"/>
      </file>
    </package>
    <package name="test">
      <metrics statements="34" coveredstatements="34" conditionals="2" coveredconditionals="2" methods="0" coveredmethods="0"/>
      <file name="golden-master-text-test.ts" path="/Users/zzuo/Git/coding-dojo-ts/5/GildedRose-Refactoring-Kata/TypeScript/test/golden-master-text-test.ts">
        <metrics statements="34" coveredstatements="34" conditionals="2" coveredconditionals="2" methods="0" coveredmethods="0"/>
        <line num="1" count="1" type="stmt"/>
        <line num="2" count="1" type="stmt"/>
        <line num="3" count="1" type="stmt"/>
        <line num="4" count="1" type="stmt"/>
        <line num="5" count="1" type="stmt"/>
        <line num="6" count="1" type="stmt"/>
        <line num="7" count="1" type="stmt"/>
        <line num="8" count="1" type="stmt"/>
        <line num="9" count="1" type="stmt"/>
        <line num="10" count="1" type="stmt"/>
        <line num="11" count="1" type="stmt"/>
        <line num="12" count="1" type="stmt"/>
        <line num="13" count="1" type="stmt"/>
        <line num="14" count="1" type="stmt"/>
        <line num="15" count="1" type="stmt"/>
        <line num="16" count="1" type="stmt"/>
        <line num="17" count="1" type="stmt"/>
        <line num="18" count="1" type="stmt"/>
        <line num="19" count="1" type="stmt"/>
        <line num="20" count="1" type="stmt"/>
        <line num="21" count="1" type="stmt"/>
        <line num="22" count="1" type="stmt"/>
        <line num="23" count="1" type="stmt"/>
        <line num="24" count="1" type="stmt"/>
        <line num="25" count="1" type="stmt"/>
        <line num="26" count="1" type="cond" truecount="1" falsecount="0"/>
        <line num="27" count="31" type="stmt"/>
        <line num="28" count="31" type="stmt"/>
        <line num="29" count="31" type="cond" truecount="1" falsecount="0"/>
        <line num="30" count="279" type="stmt"/>
        <line num="31" count="31" type="stmt"/>
        <line num="32" count="31" type="stmt"/>
        <line num="33" count="31" type="stmt"/>
        <line num="34" count="31" type="stmt"/>
      </file>
    </package>
  </project>
</coverage>
