{"/Users/zzuo/Git/coding-dojo-ts/5/GildedRose-Refactoring-Kata/TypeScript/app/gilded-rose.ts": {"path":"/Users/zzuo/Git/coding-dojo-ts/5/GildedRose-Refactoring-Kata/TypeScript/app/gilded-rose.ts","all":false,"statementMap":{"0":{"start":{"line":1,"column":0},"end":{"line":1,"column":41}},"1":{"start":{"line":2,"column":0},"end":{"line":2,"column":23}},"2":{"start":{"line":3,"column":0},"end":{"line":3,"column":22}},"3":{"start":{"line":4,"column":0},"end":{"line":4,"column":52}},"4":{"start":{"line":5,"column":0},"end":{"line":5,"column":30}},"5":{"start":{"line":6,"column":0},"end":{"line":6,"column":69}},"6":{"start":{"line":7,"column":0},"end":{"line":7,"column":0}},"7":{"start":{"line":8,"column":0},"end":{"line":8,"column":19}},"8":{"start":{"line":9,"column":0},"end":{"line":9,"column":15}},"9":{"start":{"line":10,"column":0},"end":{"line":10,"column":17}},"10":{"start":{"line":11,"column":0},"end":{"line":11,"column":18}},"11":{"start":{"line":12,"column":0},"end":{"line":12,"column":0}},"12":{"start":{"line":13,"column":0},"end":{"line":13,"column":38}},"13":{"start":{"line":14,"column":0},"end":{"line":14,"column":21}},"14":{"start":{"line":15,"column":0},"end":{"line":15,"column":25}},"15":{"start":{"line":16,"column":0},"end":{"line":16,"column":27}},"16":{"start":{"line":17,"column":0},"end":{"line":17,"column":3}},"17":{"start":{"line":18,"column":0},"end":{"line":18,"column":1}},"18":{"start":{"line":19,"column":0},"end":{"line":19,"column":0}},"19":{"start":{"line":20,"column":0},"end":{"line":20,"column":47}},"20":{"start":{"line":21,"column":0},"end":{"line":21,"column":53}},"21":{"start":{"line":22,"column":0},"end":{"line":22,"column":53}},"22":{"start":{"line":23,"column":0},"end":{"line":23,"column":2}},"23":{"start":{"line":24,"column":0},"end":{"line":24,"column":0}},"24":{"start":{"line":25,"column":0},"end":{"line":25,"column":39}},"25":{"start":{"line":26,"column":0},"end":{"line":26,"column":19}},"26":{"start":{"line":27,"column":0},"end":{"line":27,"column":20}},"27":{"start":{"line":28,"column":0},"end":{"line":28,"column":24}},"28":{"start":{"line":29,"column":0},"end":{"line":29,"column":22}},"29":{"start":{"line":30,"column":0},"end":{"line":30,"column":3}},"30":{"start":{"line":31,"column":0},"end":{"line":31,"column":30}},"31":{"start":{"line":32,"column":0},"end":{"line":32,"column":2}},"32":{"start":{"line":33,"column":0},"end":{"line":33,"column":0}},"33":{"start":{"line":34,"column":0},"end":{"line":34,"column":50}},"34":{"start":{"line":35,"column":0},"end":{"line":35,"column":19}},"35":{"start":{"line":36,"column":0},"end":{"line":36,"column":20}},"36":{"start":{"line":37,"column":0},"end":{"line":37,"column":0}},"37":{"start":{"line":38,"column":0},"end":{"line":38,"column":24}},"38":{"start":{"line":39,"column":0},"end":{"line":39,"column":22}},"39":{"start":{"line":40,"column":0},"end":{"line":40,"column":32}},"40":{"start":{"line":41,"column":0},"end":{"line":41,"column":22}},"41":{"start":{"line":42,"column":0},"end":{"line":42,"column":3}},"42":{"start":{"line":43,"column":0},"end":{"line":43,"column":0}},"43":{"start":{"line":44,"column":0},"end":{"line":44,"column":24}},"44":{"start":{"line":45,"column":0},"end":{"line":45,"column":22}},"45":{"start":{"line":46,"column":0},"end":{"line":46,"column":3}},"46":{"start":{"line":47,"column":0},"end":{"line":47,"column":30}},"47":{"start":{"line":48,"column":0},"end":{"line":48,"column":2}},"48":{"start":{"line":49,"column":0},"end":{"line":49,"column":0}},"49":{"start":{"line":50,"column":0},"end":{"line":50,"column":41}},"50":{"start":{"line":51,"column":0},"end":{"line":51,"column":19}},"51":{"start":{"line":52,"column":0},"end":{"line":52,"column":20}},"52":{"start":{"line":53,"column":0},"end":{"line":53,"column":24}},"53":{"start":{"line":54,"column":0},"end":{"line":54,"column":22}},"54":{"start":{"line":55,"column":0},"end":{"line":55,"column":3}},"55":{"start":{"line":56,"column":0},"end":{"line":56,"column":30}},"56":{"start":{"line":57,"column":0},"end":{"line":57,"column":2}},"57":{"start":{"line":58,"column":0},"end":{"line":58,"column":0}},"58":{"start":{"line":59,"column":0},"end":{"line":59,"column":25}},"59":{"start":{"line":60,"column":0},"end":{"line":60,"column":21}},"60":{"start":{"line":61,"column":0},"end":{"line":61,"column":0}},"61":{"start":{"line":62,"column":0},"end":{"line":62,"column":42}},"62":{"start":{"line":63,"column":0},"end":{"line":63,"column":23}},"63":{"start":{"line":64,"column":0},"end":{"line":64,"column":3}},"64":{"start":{"line":65,"column":0},"end":{"line":65,"column":0}},"65":{"start":{"line":66,"column":0},"end":{"line":66,"column":19}},"66":{"start":{"line":67,"column":0},"end":{"line":67,"column":34}},"67":{"start":{"line":68,"column":0},"end":{"line":68,"column":26}},"68":{"start":{"line":69,"column":0},"end":{"line":69,"column":28}},"69":{"start":{"line":70,"column":0},"end":{"line":70,"column":16}},"70":{"start":{"line":71,"column":0},"end":{"line":71,"column":23}},"71":{"start":{"line":72,"column":0},"end":{"line":72,"column":30}},"72":{"start":{"line":73,"column":0},"end":{"line":73,"column":16}},"73":{"start":{"line":74,"column":0},"end":{"line":74,"column":30}},"74":{"start":{"line":75,"column":0},"end":{"line":75,"column":41}},"75":{"start":{"line":76,"column":0},"end":{"line":76,"column":16}},"76":{"start":{"line":77,"column":0},"end":{"line":77,"column":16}},"77":{"start":{"line":78,"column":0},"end":{"line":78,"column":32}},"78":{"start":{"line":79,"column":0},"end":{"line":79,"column":16}},"79":{"start":{"line":80,"column":0},"end":{"line":80,"column":7}},"80":{"start":{"line":81,"column":0},"end":{"line":81,"column":7}},"81":{"start":{"line":82,"column":0},"end":{"line":82,"column":3}},"82":{"start":{"line":83,"column":0},"end":{"line":83,"column":1}}},"s":{"0":1,"1":1,"2":1,"3":1,"4":1,"5":1,"6":1,"7":1,"8":1,"9":1,"10":1,"11":1,"12":1,"13":10,"14":10,"15":10,"16":10,"17":1,"18":1,"19":1,"20":218,"21":218,"22":218,"23":1,"24":1,"25":31,"26":31,"27":31,"28":29,"29":29,"30":31,"31":31,"32":1,"33":1,"34":93,"35":93,"36":93,"37":93,"38":78,"39":93,"40":10,"41":10,"42":93,"43":93,"44":63,"45":63,"46":93,"47":93,"48":1,"49":1,"50":94,"51":94,"52":94,"53":76,"54":76,"55":94,"56":94,"57":1,"58":1,"59":1,"60":1,"61":1,"62":2,"63":2,"64":1,"65":1,"66":32,"67":280,"68":280,"69":62,"70":280,"71":31,"72":31,"73":280,"74":93,"75":93,"76":280,"77":94,"78":94,"79":280,"80":32,"81":32,"82":1},"branchMap":{"0":{"type":"branch","line":8,"loc":{"start":{"line":8,"column":0},"end":{"line":18,"column":1}},"locations":[{"start":{"line":8,"column":0},"end":{"line":18,"column":1}}]},"1":{"type":"branch","line":13,"loc":{"start":{"line":13,"column":2},"end":{"line":17,"column":3}},"locations":[{"start":{"line":13,"column":2},"end":{"line":17,"column":3}}]},"2":{"type":"branch","line":20,"loc":{"start":{"line":20,"column":30},"end":{"line":23,"column":2}},"locations":[{"start":{"line":20,"column":30},"end":{"line":23,"column":2}}]},"3":{"type":"branch","line":25,"loc":{"start":{"line":25,"column":22},"end":{"line":32,"column":2}},"locations":[{"start":{"line":25,"column":22},"end":{"line":32,"column":2}}]},"4":{"type":"branch","line":28,"loc":{"start":{"line":28,"column":23},"end":{"line":30,"column":3}},"locations":[{"start":{"line":28,"column":23},"end":{"line":30,"column":3}}]},"5":{"type":"branch","line":34,"loc":{"start":{"line":34,"column":33},"end":{"line":48,"column":2}},"locations":[{"start":{"line":34,"column":33},"end":{"line":48,"column":2}}]},"6":{"type":"branch","line":38,"loc":{"start":{"line":38,"column":23},"end":{"line":40,"column":9}},"locations":[{"start":{"line":38,"column":23},"end":{"line":40,"column":9}}]},"7":{"type":"branch","line":40,"loc":{"start":{"line":40,"column":3},"end":{"line":42,"column":3}},"locations":[{"start":{"line":40,"column":3},"end":{"line":42,"column":3}}]},"8":{"type":"branch","line":40,"loc":{"start":{"line":40,"column":31},"end":{"line":42,"column":3}},"locations":[{"start":{"line":40,"column":31},"end":{"line":42,"column":3}}]},"9":{"type":"branch","line":44,"loc":{"start":{"line":44,"column":23},"end":{"line":46,"column":3}},"locations":[{"start":{"line":44,"column":23},"end":{"line":46,"column":3}}]},"10":{"type":"branch","line":50,"loc":{"start":{"line":50,"column":24},"end":{"line":57,"column":2}},"locations":[{"start":{"line":50,"column":24},"end":{"line":57,"column":2}}]},"11":{"type":"branch","line":53,"loc":{"start":{"line":53,"column":23},"end":{"line":55,"column":3}},"locations":[{"start":{"line":53,"column":23},"end":{"line":55,"column":3}}]},"12":{"type":"branch","line":59,"loc":{"start":{"line":59,"column":0},"end":{"line":83,"column":1}},"locations":[{"start":{"line":59,"column":0},"end":{"line":83,"column":1}}]},"13":{"type":"branch","line":62,"loc":{"start":{"line":62,"column":2},"end":{"line":64,"column":3}},"locations":[{"start":{"line":62,"column":2},"end":{"line":64,"column":3}}]},"14":{"type":"branch","line":62,"loc":{"start":{"line":62,"column":14},"end":{"line":62,"column":42}},"locations":[{"start":{"line":62,"column":14},"end":{"line":62,"column":42}}]},"15":{"type":"branch","line":66,"loc":{"start":{"line":66,"column":2},"end":{"line":82,"column":3}},"locations":[{"start":{"line":66,"column":2},"end":{"line":82,"column":3}}]},"16":{"type":"branch","line":67,"loc":{"start":{"line":67,"column":23},"end":{"line":81,"column":5}},"locations":[{"start":{"line":67,"column":23},"end":{"line":81,"column":5}}]},"17":{"type":"branch","line":69,"loc":{"start":{"line":69,"column":8},"end":{"line":70,"column":16}},"locations":[{"start":{"line":69,"column":8},"end":{"line":70,"column":16}}]},"18":{"type":"branch","line":71,"loc":{"start":{"line":71,"column":8},"end":{"line":73,"column":16}},"locations":[{"start":{"line":71,"column":8},"end":{"line":73,"column":16}}]},"19":{"type":"branch","line":74,"loc":{"start":{"line":74,"column":8},"end":{"line":76,"column":16}},"locations":[{"start":{"line":74,"column":8},"end":{"line":76,"column":16}}]},"20":{"type":"branch","line":77,"loc":{"start":{"line":77,"column":8},"end":{"line":79,"column":16}},"locations":[{"start":{"line":77,"column":8},"end":{"line":79,"column":16}}]}},"b":{"0":[1],"1":[10],"2":[218],"3":[31],"4":[29],"5":[93],"6":[78],"7":[15],"8":[10],"9":[63],"10":[94],"11":[76],"12":[1],"13":[2],"14":[0],"15":[32],"16":[280],"17":[62],"18":[31],"19":[93],"20":[94]},"fnMap":{"0":{"name":"Item","decl":{"start":{"line":13,"column":2},"end":{"line":17,"column":3}},"loc":{"start":{"line":13,"column":2},"end":{"line":17,"column":3}},"line":13},"1":{"name":"applyThresholdQuality","decl":{"start":{"line":20,"column":30},"end":{"line":23,"column":2}},"loc":{"start":{"line":20,"column":30},"end":{"line":23,"column":2}},"line":20},"2":{"name":"updateForBrie","decl":{"start":{"line":25,"column":22},"end":{"line":32,"column":2}},"loc":{"start":{"line":25,"column":22},"end":{"line":32,"column":2}},"line":25},"3":{"name":"updateForBackstagePasses","decl":{"start":{"line":34,"column":33},"end":{"line":48,"column":2}},"loc":{"start":{"line":34,"column":33},"end":{"line":48,"column":2}},"line":34},"4":{"name":"updateForOthers","decl":{"start":{"line":50,"column":24},"end":{"line":57,"column":2}},"loc":{"start":{"line":50,"column":24},"end":{"line":57,"column":2}},"line":50},"5":{"name":"GildedRose","decl":{"start":{"line":62,"column":2},"end":{"line":64,"column":3}},"loc":{"start":{"line":62,"column":2},"end":{"line":64,"column":3}},"line":62},"6":{"name":"Object.<anonymous>.GildedRose.updateQuality","decl":{"start":{"line":66,"column":2},"end":{"line":82,"column":3}},"loc":{"start":{"line":66,"column":2},"end":{"line":82,"column":3}},"line":66}},"f":{"0":10,"1":218,"2":31,"3":93,"4":94,"5":2,"6":32}}
,"/Users/zzuo/Git/coding-dojo-ts/5/GildedRose-Refactoring-Kata/TypeScript/test/golden-master-text-test.ts": {"path":"/Users/zzuo/Git/coding-dojo-ts/5/GildedRose-Refactoring-Kata/TypeScript/test/golden-master-text-test.ts","all":false,"statementMap":{"0":{"start":{"line":1,"column":0},"end":{"line":1,"column":32}},"1":{"start":{"line":2,"column":0},"end":{"line":2,"column":54}},"2":{"start":{"line":3,"column":0},"end":{"line":3,"column":0}},"3":{"start":{"line":4,"column":0},"end":{"line":4,"column":23}},"4":{"start":{"line":5,"column":0},"end":{"line":5,"column":0}},"5":{"start":{"line":6,"column":0},"end":{"line":6,"column":15}},"6":{"start":{"line":7,"column":0},"end":{"line":7,"column":43}},"7":{"start":{"line":8,"column":0},"end":{"line":8,"column":33}},"8":{"start":{"line":9,"column":0},"end":{"line":9,"column":46}},"9":{"start":{"line":10,"column":0},"end":{"line":10,"column":51}},"10":{"start":{"line":11,"column":0},"end":{"line":11,"column":49}},"11":{"start":{"line":12,"column":0},"end":{"line":12,"column":64}},"12":{"start":{"line":13,"column":0},"end":{"line":13,"column":64}},"13":{"start":{"line":14,"column":0},"end":{"line":14,"column":63}},"14":{"start":{"line":15,"column":0},"end":{"line":15,"column":50}},"15":{"start":{"line":16,"column":0},"end":{"line":16,"column":39}},"16":{"start":{"line":17,"column":0},"end":{"line":17,"column":2}},"17":{"start":{"line":18,"column":0},"end":{"line":18,"column":0}},"18":{"start":{"line":19,"column":0},"end":{"line":19,"column":41}},"19":{"start":{"line":20,"column":0},"end":{"line":20,"column":0}},"20":{"start":{"line":21,"column":0},"end":{"line":21,"column":21}},"21":{"start":{"line":22,"column":0},"end":{"line":22,"column":30}},"22":{"start":{"line":23,"column":0},"end":{"line":23,"column":26}},"23":{"start":{"line":24,"column":0},"end":{"line":24,"column":1}},"24":{"start":{"line":25,"column":0},"end":{"line":25,"column":0}},"25":{"start":{"line":26,"column":0},"end":{"line":26,"column":36}},"26":{"start":{"line":27,"column":0},"end":{"line":27,"column":44}},"27":{"start":{"line":28,"column":0},"end":{"line":28,"column":39}},"28":{"start":{"line":29,"column":0},"end":{"line":29,"column":30}},"29":{"start":{"line":30,"column":0},"end":{"line":30,"column":74}},"30":{"start":{"line":31,"column":0},"end":{"line":31,"column":5}},"31":{"start":{"line":32,"column":0},"end":{"line":32,"column":16}},"32":{"start":{"line":33,"column":0},"end":{"line":33,"column":29}},"33":{"start":{"line":34,"column":0},"end":{"line":34,"column":1}}},"s":{"0":1,"1":1,"2":1,"3":1,"4":1,"5":1,"6":1,"7":1,"8":1,"9":1,"10":1,"11":1,"12":1,"13":1,"14":1,"15":1,"16":1,"17":1,"18":1,"19":1,"20":1,"21":1,"22":1,"23":1,"24":1,"25":1,"26":31,"27":31,"28":31,"29":279,"30":31,"31":31,"32":31,"33":31},"branchMap":{"0":{"type":"branch","line":26,"loc":{"start":{"line":26,"column":35},"end":{"line":34,"column":1}},"locations":[{"start":{"line":26,"column":35},"end":{"line":34,"column":1}}]},"1":{"type":"branch","line":29,"loc":{"start":{"line":29,"column":16},"end":{"line":31,"column":3}},"locations":[{"start":{"line":29,"column":16},"end":{"line":31,"column":3}}]}},"b":{"0":[31],"1":[279]},"fnMap":{},"f":{}}
}
