TN:
SF:app/gilded-rose.ts
FN:13,Item
FN:20,applyThresholdQuality
FN:25,updateForBrie
FN:34,updateForBackstagePasses
FN:50,updateForOthers
FN:62,GildedRose
FN:66,Object.<anonymous>.GildedRose.updateQuality
FNF:7
FNH:7
FNDA:10,Item
FNDA:218,applyThresholdQuality
FNDA:31,updateForBrie
FNDA:93,updateForBackstagePasses
FNDA:94,updateForOthers
FNDA:2,GildedRose
FNDA:32,Object.<anonymous>.GildedRose.updateQuality
DA:1,1
DA:2,1
DA:3,1
DA:4,1
DA:5,1
DA:6,1
DA:7,1
DA:8,1
DA:9,1
DA:10,1
DA:11,1
DA:12,1
DA:13,1
DA:14,10
DA:15,10
DA:16,10
DA:17,10
DA:18,1
DA:19,1
DA:20,1
DA:21,218
DA:22,218
DA:23,218
DA:24,1
DA:25,1
DA:26,31
DA:27,31
DA:28,31
DA:29,29
DA:30,29
DA:31,31
DA:32,31
DA:33,1
DA:34,1
DA:35,93
DA:36,93
DA:37,93
DA:38,93
DA:39,78
DA:40,93
DA:41,10
DA:42,10
DA:43,93
DA:44,93
DA:45,63
DA:46,63
DA:47,93
DA:48,93
DA:49,1
DA:50,1
DA:51,94
DA:52,94
DA:53,94
DA:54,76
DA:55,76
DA:56,94
DA:57,94
DA:58,1
DA:59,1
DA:60,1
DA:61,1
DA:62,1
DA:63,2
DA:64,2
DA:65,1
DA:66,1
DA:67,32
DA:68,280
DA:69,280
DA:70,62
DA:71,280
DA:72,31
DA:73,31
DA:74,280
DA:75,93
DA:76,93
DA:77,280
DA:78,94
DA:79,94
DA:80,280
DA:81,32
DA:82,32
DA:83,1
LF:83
LH:83
BRDA:8,0,0,1
BRDA:13,1,0,10
BRDA:20,2,0,218
BRDA:25,3,0,31
BRDA:28,4,0,29
BRDA:34,5,0,93
BRDA:38,6,0,78
BRDA:40,7,0,15
BRDA:40,8,0,10
BRDA:44,9,0,63
BRDA:50,10,0,94
BRDA:53,11,0,76
BRDA:59,12,0,1
BRDA:62,13,0,2
BRDA:62,14,0,0
BRDA:66,15,0,32
BRDA:67,16,0,280
BRDA:69,17,0,62
BRDA:71,18,0,31
BRDA:74,19,0,93
BRDA:77,20,0,94
BRF:21
BRH:20
end_of_record
TN:
SF:test/golden-master-text-test.ts
FNF:0
FNH:0
DA:1,1
DA:2,1
DA:3,1
DA:4,1
DA:5,1
DA:6,1
DA:7,1
DA:8,1
DA:9,1
DA:10,1
DA:11,1
DA:12,1
DA:13,1
DA:14,1
DA:15,1
DA:16,1
DA:17,1
DA:18,1
DA:19,1
DA:20,1
DA:21,1
DA:22,1
DA:23,1
DA:24,1
DA:25,1
DA:26,1
DA:27,31
DA:28,31
DA:29,31
DA:30,279
DA:31,31
DA:32,31
DA:33,31
DA:34,31
LF:34
LH:34
BRDA:26,0,0,31
BRDA:29,1,0,279
BRF:2
BRH:2
end_of_record
